<?xml version="1.0" encoding="UTF-8"?>
<!-- Generated by org.testng.reporters.JUnitXMLReporter -->
<testsuite hostname="DESKTOP-F2LTFAU" ignored="22" name="Test" tests="2" failures="2" timestamp="2020-09-05T11:53:56 ALMT" time="22.239" errors="0">
  <testcase name="validLogin" time="0.083" classname="com.syntax.class02.Dependency">
    <failure type="org.openqa.selenium.NoSuchElementException" message="no such element: Unable to locate element: {&amp;quot;method&amp;quot;:&amp;quot;css selector&amp;quot;,&amp;quot;selector&amp;quot;:&amp;quot;#txtPasswords&amp;quot;}
  (Session info: chrome=85.0.4183.83)
For documentation on this error, please visit: https://www.seleniumhq.org/exceptions/no_such_element.html
Build info: version: &amp;apos;3.141.59&amp;apos;, revision: &amp;apos;e82be7d358&amp;apos;, time: &amp;apos;2018-11-14T08:25:48&amp;apos;
System info: host: &amp;apos;DESKTOP-F2LTFAU&amp;apos;, ip: &amp;apos;192.168.43.58&amp;apos;, os.name: &amp;apos;Windows 10&amp;apos;, os.arch: &amp;apos;amd64&amp;apos;, os.version: &amp;apos;10.0&amp;apos;, java.version: &amp;apos;1.8.0_251&amp;apos;
Driver info: org.openqa.selenium.chrome.ChromeDriver
Capabilities {acceptInsecureCerts: false, browserName: chrome, browserVersion: 85.0.4183.83, chrome: {chromedriverVersion: 84.0.4147.30 (48b3e868b4cc0..., userDataDir: C:\Users\User\AppData\Local...}, goog:chromeOptions: {debuggerAddress: localhost:52572}, javascriptEnabled: true, networkConnectionEnabled: false, pageLoadStrategy: normal, platform: WINDOWS, platformName: WINDOWS, proxy: Proxy(), setWindowRect: true, strictFileInteractability: false, timeouts: {implicit: 0, pageLoad: 300000, script: 30000}, unhandledPromptBehavior: dismiss and notify, webauthn:virtualAuthenticators: true}
Session ID: 23697ebaab125f2580e812612fa8c634
*** Element info: {Using=id, value=txtPasswords}">
      <![CDATA[org.openqa.selenium.NoSuchElementException: no such element: Unable to locate element: {"method":"css selector","selector":"#txtPasswords"}
  (Session info: chrome=85.0.4183.83)
For documentation on this error, please visit: https://www.seleniumhq.org/exceptions/no_such_element.html
Build info: version: '3.141.59', revision: 'e82be7d358', time: '2018-11-14T08:25:48'
System info: host: 'DESKTOP-F2LTFAU', ip: '192.168.43.58', os.name: 'Windows 10', os.arch: 'amd64', os.version: '10.0', java.version: '1.8.0_251'
Driver info: org.openqa.selenium.chrome.ChromeDriver
Capabilities {acceptInsecureCerts: false, browserName: chrome, browserVersion: 85.0.4183.83, chrome: {chromedriverVersion: 84.0.4147.30 (48b3e868b4cc0..., userDataDir: C:\Users\User\AppData\Local...}, goog:chromeOptions: {debuggerAddress: localhost:52572}, javascriptEnabled: true, networkConnectionEnabled: false, pageLoadStrategy: normal, platform: WINDOWS, platformName: WINDOWS, proxy: Proxy(), setWindowRect: true, strictFileInteractability: false, timeouts: {implicit: 0, pageLoad: 300000, script: 30000}, unhandledPromptBehavior: dismiss and notify, webauthn:virtualAuthenticators: true}
Session ID: 23697ebaab125f2580e812612fa8c634
*** Element info: {Using=id, value=txtPasswords}
at org.openqa.selenium.remote.http.W3CHttpResponseCodec.createException(W3CHttpResponseCodec.java:187)
at org.openqa.selenium.remote.http.W3CHttpResponseCodec.decode(W3CHttpResponseCodec.java:122)
at org.openqa.selenium.remote.http.W3CHttpResponseCodec.decode(W3CHttpResponseCodec.java:49)
at org.openqa.selenium.remote.HttpCommandExecutor.execute(HttpCommandExecutor.java:158)
at org.openqa.selenium.remote.service.DriverCommandExecutor.execute(DriverCommandExecutor.java:83)
at org.openqa.selenium.remote.RemoteWebDriver.execute(RemoteWebDriver.java:552)
at org.openqa.selenium.remote.RemoteWebDriver.findElement(RemoteWebDriver.java:323)
at org.openqa.selenium.remote.RemoteWebDriver.findElementById(RemoteWebDriver.java:372)
at org.openqa.selenium.By$ById.findElement(By.java:188)
at org.openqa.selenium.remote.RemoteWebDriver.findElement(RemoteWebDriver.java:315)
at com.syntax.class02.Dependency.validLogin(Dependency.java:30)
at java.util.ArrayList.forEach(ArrayList.java:1257)
... Removed 31 stack frames]]>
    </failure>
  </testcase> <!-- validLogin -->
  <testcase name="validLogin" time="0.067" classname="com.syntax.class02.IssueWithoutAssertion">
    <failure type="org.openqa.selenium.NoSuchElementException" message="no such element: Unable to locate element: {&amp;quot;method&amp;quot;:&amp;quot;css selector&amp;quot;,&amp;quot;selector&amp;quot;:&amp;quot;#txtPasswords&amp;quot;}
  (Session info: chrome=85.0.4183.83)
For documentation on this error, please visit: https://www.seleniumhq.org/exceptions/no_such_element.html
Build info: version: &amp;apos;3.141.59&amp;apos;, revision: &amp;apos;e82be7d358&amp;apos;, time: &amp;apos;2018-11-14T08:25:48&amp;apos;
System info: host: &amp;apos;DESKTOP-F2LTFAU&amp;apos;, ip: &amp;apos;192.168.43.58&amp;apos;, os.name: &amp;apos;Windows 10&amp;apos;, os.arch: &amp;apos;amd64&amp;apos;, os.version: &amp;apos;10.0&amp;apos;, java.version: &amp;apos;1.8.0_251&amp;apos;
Driver info: org.openqa.selenium.chrome.ChromeDriver
Capabilities {acceptInsecureCerts: false, browserName: chrome, browserVersion: 85.0.4183.83, chrome: {chromedriverVersion: 84.0.4147.30 (48b3e868b4cc0..., userDataDir: C:\Users\User\AppData\Local...}, goog:chromeOptions: {debuggerAddress: localhost:52592}, javascriptEnabled: true, networkConnectionEnabled: false, pageLoadStrategy: normal, platform: WINDOWS, platformName: WINDOWS, proxy: Proxy(), setWindowRect: true, strictFileInteractability: false, timeouts: {implicit: 0, pageLoad: 300000, script: 30000}, unhandledPromptBehavior: dismiss and notify, webauthn:virtualAuthenticators: true}
Session ID: 30ac5f5ab920896d015276115d0851fc
*** Element info: {Using=id, value=txtPasswords}">
      <![CDATA[org.openqa.selenium.NoSuchElementException: no such element: Unable to locate element: {"method":"css selector","selector":"#txtPasswords"}
  (Session info: chrome=85.0.4183.83)
For documentation on this error, please visit: https://www.seleniumhq.org/exceptions/no_such_element.html
Build info: version: '3.141.59', revision: 'e82be7d358', time: '2018-11-14T08:25:48'
System info: host: 'DESKTOP-F2LTFAU', ip: '192.168.43.58', os.name: 'Windows 10', os.arch: 'amd64', os.version: '10.0', java.version: '1.8.0_251'
Driver info: org.openqa.selenium.chrome.ChromeDriver
Capabilities {acceptInsecureCerts: false, browserName: chrome, browserVersion: 85.0.4183.83, chrome: {chromedriverVersion: 84.0.4147.30 (48b3e868b4cc0..., userDataDir: C:\Users\User\AppData\Local...}, goog:chromeOptions: {debuggerAddress: localhost:52592}, javascriptEnabled: true, networkConnectionEnabled: false, pageLoadStrategy: normal, platform: WINDOWS, platformName: WINDOWS, proxy: Proxy(), setWindowRect: true, strictFileInteractability: false, timeouts: {implicit: 0, pageLoad: 300000, script: 30000}, unhandledPromptBehavior: dismiss and notify, webauthn:virtualAuthenticators: true}
Session ID: 30ac5f5ab920896d015276115d0851fc
*** Element info: {Using=id, value=txtPasswords}
at org.openqa.selenium.remote.http.W3CHttpResponseCodec.createException(W3CHttpResponseCodec.java:187)
at org.openqa.selenium.remote.http.W3CHttpResponseCodec.decode(W3CHttpResponseCodec.java:122)
at org.openqa.selenium.remote.http.W3CHttpResponseCodec.decode(W3CHttpResponseCodec.java:49)
at org.openqa.selenium.remote.HttpCommandExecutor.execute(HttpCommandExecutor.java:158)
at org.openqa.selenium.remote.service.DriverCommandExecutor.execute(DriverCommandExecutor.java:83)
at org.openqa.selenium.remote.RemoteWebDriver.execute(RemoteWebDriver.java:552)
at org.openqa.selenium.remote.RemoteWebDriver.findElement(RemoteWebDriver.java:323)
at org.openqa.selenium.remote.RemoteWebDriver.findElementById(RemoteWebDriver.java:372)
at org.openqa.selenium.By$ById.findElement(By.java:188)
at org.openqa.selenium.remote.RemoteWebDriver.findElement(RemoteWebDriver.java:315)
at com.syntax.class02.IssueWithoutAssertion.validLogin(IssueWithoutAssertion.java:29)
at java.util.ArrayList.forEach(ArrayList.java:1257)
... Removed 31 stack frames]]>
    </failure>
  </testcase> <!-- validLogin -->
  <testcase name="logoValidation" time="0.0" classname="com.syntax.class02.HardAssertionExample">
    <ignored/>
  </testcase> <!-- logoValidation -->
  <testcase name="testMethod2" time="0.0" classname="com.syntax.class01.differentAnnotations">
    <ignored/>
  </testcase> <!-- testMethod2 -->
  <testcase name="validLogin" time="0.0" classname="com.syntax.class01.TC1">
    <ignored/>
  </testcase> <!-- validLogin -->
  <testcase name="titleValidation" time="0.0" classname="com.syntax.class02.HardAssertionExample">
    <ignored/>
  </testcase> <!-- titleValidation -->
  <testcase name="invalidLogin" time="0.0" classname="com.syntax.class02.Dependency">
    <ignored/>
  </testcase> <!-- invalidLogin -->
  <testcase name="invalidLoginError" time="0.0" classname="com.syntax.class02.SoftAssertionExample">
    <ignored/>
  </testcase> <!-- invalidLoginError -->
  <testcase name="validLogin" time="0.0" classname="com.syntax.class01.HrmsTestCases">
    <ignored/>
  </testcase> <!-- validLogin -->
  <testcase name="titleValidation" time="0.0" classname="com.syntax.class02.IssueWithoutAssertion">
    <ignored/>
  </testcase> <!-- titleValidation -->
  <testcase name="testMethod" time="0.0" classname="com.syntax.class01.differentAnnotations">
    <ignored/>
  </testcase> <!-- testMethod -->
  <testcase name="testMethod2" time="0.0" classname="com.syntax.class01.Task2">
    <ignored/>
  </testcase> <!-- testMethod2 -->
  <testcase name="testTwo" time="0.0" classname="com.syntax.class01.TestNGIntro">
    <ignored/>
  </testcase> <!-- testTwo -->
  <testcase name="Login" time="0.0" classname="com.syntax.class02.TC1">
    <ignored/>
  </testcase> <!-- Login -->
  <testcase name="testMethod1" time="0.0" classname="com.syntax.class01.Task2">
    <ignored/>
  </testcase> <!-- testMethod1 -->
  <testcase name="loginFormText" time="0.0" classname="com.syntax.class02.HardAssertionExample">
    <ignored/>
  </testcase> <!-- loginFormText -->
  <testcase name="invalidLogin" time="0.0" classname="com.syntax.class01.HrmsTestCases">
    <ignored/>
  </testcase> <!-- invalidLogin -->
  <testcase name="testMethod3" time="0.0" classname="com.syntax.class01.differentAnnotations">
    <ignored/>
  </testcase> <!-- testMethod3 -->
  <testcase name="testThree" time="0.0" classname="com.syntax.class01.TestNGIntro">
    <ignored/>
  </testcase> <!-- testThree -->
  <testcase name="testMethod" time="0.0" classname="com.syntax.class02.AllAnnotations">
    <ignored/>
  </testcase> <!-- testMethod -->
  <testcase name="testFour" time="0.0" classname="com.syntax.class01.TestNGIntro">
    <ignored/>
  </testcase> <!-- testFour -->
  <testcase name="titleValidation" time="0.0" classname="com.syntax.class01.HrmsTestCases">
    <ignored/>
  </testcase> <!-- titleValidation -->
  <testcase name="labelsDisplayed" time="0.0" classname="com.syntax.class02.TC1">
    <ignored/>
  </testcase> <!-- labelsDisplayed -->
  <testcase name="testOne" time="0.0" classname="com.syntax.class01.TestNGIntro">
    <ignored/>
  </testcase> <!-- testOne -->
</testsuite> <!-- Test -->
